<?xml version="1.0" encoding="UTF-8"?>
<testng-results skipped="0" failed="1" ignored="0" total="7" passed="6">
  <reporter-output>
  </reporter-output>
  <suite name="Default suite" duration-ms="15811" started-at="2021-04-12T01:02:52 GMT-04:00" finished-at="2021-04-12T01:03:08 GMT-04:00">
    <groups>
    </groups>
    <test name="Default test" duration-ms="15811" started-at="2021-04-12T01:02:52 GMT-04:00" finished-at="2021-04-12T01:03:08 GMT-04:00">
      <class name="tools.Student_Registration_Form">
        <test-method status="PASS" signature="before()[pri:0, instance:tools.Student_Registration_Form@23faf8f2]" name="before" is-config="true" duration-ms="6870" started-at="2021-04-12T01:02:52 GMT-04:00" finished-at="2021-04-12T01:02:59 GMT-04:00">
          <reporter-output>
          </reporter-output>
        </test-method> <!-- before -->
        <test-method status="PASS" signature="firstTest()[pri:1, instance:tools.Student_Registration_Form@23faf8f2]" name="firstTest" duration-ms="701" started-at="2021-04-12T01:02:59 GMT-04:00" description="State and City Drop Down Manus" finished-at="2021-04-12T01:03:00 GMT-04:00">
          <reporter-output>
          </reporter-output>
        </test-method> <!-- firstTest -->
        <test-method status="FAIL" signature="secondTest()[pri:2, instance:tools.Student_Registration_Form@23faf8f2]" name="secondTest" duration-ms="386" started-at="2021-04-12T01:03:00 GMT-04:00" description="Selecting all radio button" finished-at="2021-04-12T01:03:00 GMT-04:00">
          <exception class="java.lang.AssertionError">
            <message>
              <![CDATA[expected [true] but found [false]]]>
            </message>
            <full-stacktrace>
              <![CDATA[java.lang.AssertionError: expected [true] but found [false]
at org.testng.Assert.fail(Assert.java:99)
at org.testng.Assert.failNotEquals(Assert.java:1037)
at org.testng.Assert.assertTrue(Assert.java:45)
at org.testng.Assert.assertTrue(Assert.java:55)
at tools.Student_Registration_Form.secondTest(Student_Registration_Form.java:68)
at sun.reflect.NativeMethodAccessorImpl.invoke0(Native Method)
at sun.reflect.NativeMethodAccessorImpl.invoke(Unknown Source)
at sun.reflect.DelegatingMethodAccessorImpl.invoke(Unknown Source)
at java.lang.reflect.Method.invoke(Unknown Source)
at org.testng.internal.MethodInvocationHelper.invokeMethod(MethodInvocationHelper.java:132)
at org.testng.internal.TestInvoker.invokeMethod(TestInvoker.java:599)
at org.testng.internal.TestInvoker.invokeTestMethod(TestInvoker.java:174)
at org.testng.internal.MethodRunner.runInSequence(MethodRunner.java:46)
at org.testng.internal.TestInvoker$MethodInvocationAgent.invoke(TestInvoker.java:822)
at org.testng.internal.TestInvoker.invokeTestMethods(TestInvoker.java:147)
at org.testng.internal.TestMethodWorker.invokeTestMethods(TestMethodWorker.java:146)
at org.testng.internal.TestMethodWorker.run(TestMethodWorker.java:128)
at java.util.ArrayList.forEach(Unknown Source)
at org.testng.TestRunner.privateRun(TestRunner.java:764)
at org.testng.TestRunner.run(TestRunner.java:585)
at org.testng.SuiteRunner.runTest(SuiteRunner.java:384)
at org.testng.SuiteRunner.runSequentially(SuiteRunner.java:378)
at org.testng.SuiteRunner.privateRun(SuiteRunner.java:337)
at org.testng.SuiteRunner.run(SuiteRunner.java:286)
at org.testng.SuiteRunnerWorker.runSuite(SuiteRunnerWorker.java:53)
at org.testng.SuiteRunnerWorker.run(SuiteRunnerWorker.java:96)
at org.testng.TestNG.runSuitesSequentially(TestNG.java:1218)
at org.testng.TestNG.runSuitesLocally(TestNG.java:1140)
at org.testng.TestNG.runSuites(TestNG.java:1069)
at org.testng.TestNG.run(TestNG.java:1037)
at org.testng.remote.AbstractRemoteTestNG.run(AbstractRemoteTestNG.java:115)
at org.testng.remote.RemoteTestNG.initAndRun(RemoteTestNG.java:251)
at org.testng.remote.RemoteTestNG.main(RemoteTestNG.java:77)
]]>
            </full-stacktrace>
          </exception> <!-- java.lang.AssertionError -->
          <reporter-output>
          </reporter-output>
        </test-method> <!-- secondTest -->
        <test-method status="PASS" signature="thirdTest()[pri:3, instance:tools.Student_Registration_Form@23faf8f2]" name="thirdTest" duration-ms="939" started-at="2021-04-12T01:03:00 GMT-04:00" description="Mobile and Date of Birth" finished-at="2021-04-12T01:03:01 GMT-04:00">
          <reporter-output>
          </reporter-output>
        </test-method> <!-- thirdTest -->
        <test-method status="PASS" signature="fourthTest()[pri:4, instance:tools.Student_Registration_Form@23faf8f2]" name="fourthTest" duration-ms="894" started-at="2021-04-12T01:03:01 GMT-04:00" description="Subjects" finished-at="2021-04-12T01:03:02 GMT-04:00">
          <reporter-output>
          </reporter-output>
        </test-method> <!-- fourthTest -->
        <test-method status="PASS" signature="fifthTest()[pri:5, instance:tools.Student_Registration_Form@23faf8f2]" name="fifthTest" duration-ms="393" started-at="2021-04-12T01:03:02 GMT-04:00" description="Hoobies Check Boxes" finished-at="2021-04-12T01:03:02 GMT-04:00">
          <reporter-output>
          </reporter-output>
        </test-method> <!-- fifthTest -->
        <test-method status="PASS" signature="sixthTest()[pri:6, instance:tools.Student_Registration_Form@23faf8f2]" name="sixthTest" duration-ms="443" started-at="2021-04-12T01:03:02 GMT-04:00" description="Current Address typing box" finished-at="2021-04-12T01:03:03 GMT-04:00">
          <reporter-output>
          </reporter-output>
        </test-method> <!-- sixthTest -->
        <test-method status="PASS" signature="seventhTest()[pri:7, instance:tools.Student_Registration_Form@23faf8f2]" name="seventhTest" duration-ms="653" started-at="2021-04-12T01:03:03 GMT-04:00" description="First name, last name and email" finished-at="2021-04-12T01:03:03 GMT-04:00">
          <reporter-output>
          </reporter-output>
        </test-method> <!-- seventhTest -->
        <test-method status="PASS" signature="after()[pri:0, instance:tools.Student_Registration_Form@23faf8f2]" name="after" is-config="true" duration-ms="4405" started-at="2021-04-12T01:03:03 GMT-04:00" finished-at="2021-04-12T01:03:08 GMT-04:00">
          <reporter-output>
          </reporter-output>
        </test-method> <!-- after -->
      </class> <!-- tools.Student_Registration_Form -->
    </test> <!-- Default test -->
  </suite> <!-- Default suite -->
</testng-results>
